<?xml version="1.0" encoding="UTF-8"?>
<!-- Generated by org.testng.reporters.JUnitReportReporter -->
<testsuite hostname="LAPTOP-FTG6P2SC" failures="0" tests="1" name="com.RPAChallenge.SeleniumJava.HomeTest" time="38.653" errors="0" timestamp="2025-08-09T13:25:57 IST" skipped="0">
  <testcase classname="com.RPAChallenge.SeleniumJava.HomeTest" name="automateRPAChallenge" time="38.653"/>
  <system-out/>
</testsuite> <!-- com.RPAChallenge.SeleniumJava.HomeTest -->
